<?xml version="1.0" encoding="UTF-8"?>
<!-- Generated by org.testng.reporters.JUnitXMLReporter -->
<testsuite ignored="0" hostname="LAPTOP-JUUK22KG" failures="0" tests="4" name="Nopackage" time="0.091" errors="0" timestamp="2025-08-23T12:20:18 IST">
  <testcase classname="wiproTestNG.TestNGGroupcase" name="testcase1" time="0.014"/>
  <testcase classname="wiproTestNG.TestNGGroupcase" name="testcase2" time="0.002"/>
  <testcase classname="wiproTestNG.TestNGGroupcase" name="testcase3" time="0.002"/>
  <testcase classname="wiproTestNG.TestNGGroupcase" name="testcase4" time="0.001"/>
</testsuite> <!-- Nopackage -->
