<?xml version="1.0" encoding="UTF-8"?>
<testng-results ignored="0" total="4" passed="4" failed="0" skipped="0">
  <reporter-output>
  </reporter-output>
  <suite started-at="2025-08-23T12:20:18 IST" name="Suite1" finished-at="2025-08-23T12:20:18 IST" duration-ms="91">
    <groups>
      <group name="Sanity">
        <method signature="TestNGGroupcase.testcase1()[pri:0, instance:wiproTestNG.TestNGGroupcase@293a5bf6]" name="testcase1" class="wiproTestNG.TestNGGroupcase"/>
        <method signature="TestNGGroupcase.testcase3()[pri:0, instance:wiproTestNG.TestNGGroupcase@293a5bf6]" name="testcase3" class="wiproTestNG.TestNGGroupcase"/>
      </group> <!-- Sanity -->
      <group name="Regression">
        <method signature="TestNGGroupcase.testcase1()[pri:0, instance:wiproTestNG.TestNGGroupcase@293a5bf6]" name="testcase1" class="wiproTestNG.TestNGGroupcase"/>
        <method signature="TestNGGroupcase.testcase2()[pri:0, instance:wiproTestNG.TestNGGroupcase@293a5bf6]" name="testcase2" class="wiproTestNG.TestNGGroupcase"/>
        <method signature="TestNGGroupcase.testcase4()[pri:0, instance:wiproTestNG.TestNGGroupcase@293a5bf6]" name="testcase4" class="wiproTestNG.TestNGGroupcase"/>
      </group> <!-- Regression -->
    </groups>
    <test started-at="2025-08-23T12:20:18 IST" name="Nopackage" finished-at="2025-08-23T12:20:18 IST" duration-ms="91">
      <class name="wiproTestNG.TestNGGroupcase">
        <test-method signature="testcase1()[pri:0, instance:wiproTestNG.TestNGGroupcase@293a5bf6]" started-at="2025-08-23T12:20:18 IST" name="testcase1" finished-at="2025-08-23T12:20:18 IST" duration-ms="14" status="PASS">
          <reporter-output>
          </reporter-output>
        </test-method> <!-- testcase1 -->
        <test-method signature="testcase2()[pri:0, instance:wiproTestNG.TestNGGroupcase@293a5bf6]" started-at="2025-08-23T12:20:18 IST" name="testcase2" finished-at="2025-08-23T12:20:18 IST" duration-ms="2" status="PASS">
          <reporter-output>
          </reporter-output>
        </test-method> <!-- testcase2 -->
        <test-method signature="testcase3()[pri:0, instance:wiproTestNG.TestNGGroupcase@293a5bf6]" started-at="2025-08-23T12:20:18 IST" name="testcase3" finished-at="2025-08-23T12:20:18 IST" duration-ms="2" status="PASS">
          <reporter-output>
          </reporter-output>
        </test-method> <!-- testcase3 -->
        <test-method signature="testcase4()[pri:0, instance:wiproTestNG.TestNGGroupcase@293a5bf6]" started-at="2025-08-23T12:20:18 IST" name="testcase4" finished-at="2025-08-23T12:20:18 IST" duration-ms="1" status="PASS">
          <reporter-output>
          </reporter-output>
        </test-method> <!-- testcase4 -->
      </class> <!-- wiproTestNG.TestNGGroupcase -->
    </test> <!-- Nopackage -->
  </suite> <!-- Suite1 -->
</testng-results>
